<?xml version="1.0" encoding="UTF-8"?>
<!-- Generated by org.testng.reporters.JUnitReportReporter -->
<testsuite skipped="0" hostname="MAYTINH-I4V3BIE" name="com.orangehrm.employee.Employee_01_Add_Edit_Employee_User" tests="5" failures="0" timestamp="27 Jan 2021 16:08:33 GMT" time="10.125" errors="0">
  <testcase name="Employee_07_Search_User" time="0.005" classname="com.orangehrm.employee.Employee_01_Add_Edit_Employee_User"/>
  <testcase name="Employee_10_Search_Employee" time="0.003" classname="com.orangehrm.employee.Employee_01_Add_Edit_Employee_User"/>
  <testcase name="Employee_01_Add_Employee" time="10.109" classname="com.orangehrm.employee.Employee_01_Add_Edit_Employee_User"/>
  <testcase name="Employee_09_Delete_User" time="0.004" classname="com.orangehrm.employee.Employee_01_Add_Edit_Employee_User"/>
  <testcase name="Employee_08_Delete_User" time="0.004" classname="com.orangehrm.employee.Employee_01_Add_Edit_Employee_User"/>
</testsuite> <!-- com.orangehrm.employee.Employee_01_Add_Edit_Employee_User -->
