<?xml version="1.0" encoding="UTF-8"?>
<!-- Generated by org.testng.reporters.JUnitReportReporter -->
<testsuite skipped="0" hostname="MAYTINH-I4V3BIE" name="com.nopcommerce.users.Level_20_Multiple_Environment_Sort_ASC_DESC2" tests="1" failures="0" timestamp="22 Jan 2021 21:50:14 GMT" time="16.451" errors="0">
  <testcase name="TC_01_Sort_By_Deskop" time="16.451" classname="com.nopcommerce.users.Level_20_Multiple_Environment_Sort_ASC_DESC2"/>
</testsuite> <!-- com.nopcommerce.users.Level_20_Multiple_Environment_Sort_ASC_DESC2 -->
