<?xml version="1.0" encoding="UTF-8"?>
<!-- Generated by org.testng.reporters.JUnitReportReporter -->
<testsuite skipped="0" hostname="MAYTINH-I4V3BIE" name="com.nopcommerce.users.Level_19_Sort_ASC_DESC" tests="1" failures="0" timestamp="27 Jan 2021 23:00:30 GMT" time="94.238" errors="0">
  <testcase name="TC_01_Sort_By_Deskop" time="94.238" classname="com.nopcommerce.users.Level_19_Sort_ASC_DESC"/>
</testsuite> <!-- com.nopcommerce.users.Level_19_Sort_ASC_DESC -->
